<?xml version="1.0" encoding="UTF-8"?>
<!-- Generated by org.testng.reporters.JUnitReportReporter -->
<testsuite skipped="0" hostname="DESKTOP-LRPLFUC" name="web.sqe_demo.parabank.webtestclasses.TC_verifyaccount_fundtransfer" tests="1" failures="0" timestamp="25 Feb 2020 04:40:31 GMT" time="40.588" errors="0">
  <testcase name="screensTest" time="40.588" classname="web.sqe_demo.parabank.webtestclasses.TC_verifyaccount_fundtransfer"/>
</testsuite> <!-- web.sqe_demo.parabank.webtestclasses.TC_verifyaccount_fundtransfer -->
